#
# A fatal error has been detected by the Java Runtime Environment:
#
#  EXCEPTION_ACCESS_VIOLATION (0xc0000005) at pc=0x000000005aec50f8, pid=14368, tid=0x0000000000002018
#
# JRE version: Java(TM) SE Runtime Environment (8.0_131-b11) (build 1.8.0_131-b11)
# Java VM: Java HotSpot(TM) 64-Bit Server VM (25.131-b11 mixed mode windows-amd64 compressed oops)
# Problematic frame:
# V  [jvm.dll+0x1150f8]
#
# Failed to write core dump. Minidumps are not enabled by default on client versions of Windows
#
# If you would like to submit a bug report, please visit:
#   http://bugreport.java.com/bugreport/crash.jsp
#

---------------  T H R E A D  ---------------

Current thread (0x00000000032c1800):  GCTaskThread [stack: 0x00000000137a0000,0x00000000138a0000] [id=8216]

siginfo: ExceptionCode=0xc0000005, reading address 0xffffffffffffffff

Registers:
RAX=0x0000000013ca0000, RBX=0x0000000200000000, RCX=0x0000000000000000, RDX=0x0000000000000000
RSP=0x000000001389f530, RBP=0x00000006c26f93c0, RSI=0x00000000033976b0, RDI=0x00000000033976b0
R8 =0x007ffffffd9ee000, R9 =0x00000007c0001ef8, R10=0x000000000000000c, R11=0x000000005b3b2588
R12=0x00000006c26f93f4, R13=0x00000007c0002178, R14=0x00000007c0002180, R15=0x00000006c26f93b0
RIP=0x000000005aec50f8, EFLAGS=0x0000000000010246

Top of Stack: (sp=0x000000001389f530)
0x000000001389f530:   00000007c0001ef8 00000006c26f952c
0x000000001389f540:   0000000000000002 000000005aec4d19
0x000000001389f550:   0000000000000000 00000000000003d8
0x000000001389f560:   00000000032c1eb8 00000000032bf010
0x000000001389f570:   00000006c26f93b0 000000005aecacc5
0x000000001389f580:   00000006c26f9418 00000000033976b0
0x000000001389f590:   00000000033976b0 00000000032c1ae0
0x000000001389f5a0:   000000001cc354a0 000000005b1a8160
0x000000001389f5b0:   00000000033976b0 00000000032bf010
0x000000001389f5c0:   00000000032c1ae0 0000000000000db2
0x000000001389f5d0:   0000000000000000 0000000000000c00
0x000000001389f5e0:   0000000000000000 0000000000000000
0x000000001389f5f0:   0000000000000000 0000000021af8000
0x000000001389f600:   0000000000000001 0000000000000001
0x000000001389f610:   0000e985fd41f07c 00000000032c1eb8
0x000000001389f620:   00000000032c1ae0 00000000000003d8 

Instructions: (pc=0x000000005aec50f8)
0x000000005aec50d8:   05 43 76 70 00 49 c1 e8 03 49 d3 e8 41 0f b6 c0
0x000000005aec50e8:   49 c1 e8 06 24 3f 0f b6 d0 48 8b 05 58 76 70 00
0x000000005aec50f8:   4a 8b 0c c0 48 0f a3 d1 0f 82 59 01 00 00 0f b6
0x000000005aec5108:   15 a4 82 6f 00 84 d2 74 16 44 8b 43 08 8b 0d 8d 


Register to memory mapping:

RAX=0x0000000013ca0000 is an unknown value
RBX=0x0000000200000000 is an unknown value
RCX=0x0000000000000000 is an unknown value
RDX=0x0000000000000000 is an unknown value
RSP=0x000000001389f530 is an unknown value
RBP=0x00000006c26f93c0 is pointing into object: 0x00000006c26f93b0
java.lang.Class 
 - klass: 'java/lang/Class'
RSI=0x00000000033976b0 is an unknown value
RDI=0x00000000033976b0 is an unknown value
R8 =0x007ffffffd9ee000 is an unknown value
R9 =0x00000007c0001ef8 is pointing into metadata
R10=0x000000000000000c is an unknown value
R11=0x000000005b3b2588 is an unknown value
R12=0x00000006c26f93f4 is pointing into object: 0x00000006c26f93b0
java.lang.Class 
 - klass: 'java/lang/Class'
R13=0x00000007c0002178 is pointing into metadata
R14=0x00000007c0002180 is pointing into metadata
R15=0x00000006c26f93b0 is an oop
java.lang.Class 
 - klass: 'java/lang/Class'


Stack: [0x00000000137a0000,0x00000000138a0000],  sp=0x000000001389f530,  free space=1021k
Native frames: (J=compiled Java code, j=interpreted, Vv=VM code, C=native code)
V  [jvm.dll+0x1150f8]
V  [jvm.dll+0x11acc5]
V  [jvm.dll+0x3f8160]
V  [jvm.dll+0x3f51e3]
V  [jvm.dll+0x3f302e]
V  [jvm.dll+0x29cc1a]
C  [msvcr100.dll+0x21d9f]
C  [msvcr100.dll+0x21e3b]
C  [KERNEL32.dll+0x17034]
C  [ntdll.dll+0x4d0d1]


---------------  P R O C E S S  ---------------

Java Threads: ( => current thread )
  0x0000000021af8000 JavaThread "container-0" [_thread_blocked, id=8560, stack(0x0000000022fd0000,0x00000000230d0000)]
  0x0000000021af7000 JavaThread "Catalina-utility-2" [_thread_blocked, id=23856, stack(0x0000000022ed0000,0x0000000022fd0000)]
  0x0000000021aa7800 JavaThread "Catalina-utility-1" [_thread_blocked, id=23236, stack(0x0000000021000000,0x0000000021100000)]
  0x00000000200b8000 JavaThread "RMI Scheduler(0)" daemon [_thread_blocked, id=4260, stack(0x0000000021400000,0x0000000021500000)]
  0x000000002005b000 JavaThread "RMI TCP Connection(1)-192.168.0.55" daemon [_thread_blocked, id=22440, stack(0x0000000021300000,0x0000000021400000)]
  0x000000001fc2d000 JavaThread "RMI TCP Accept-0" daemon [_thread_in_native, id=9584, stack(0x00000000205c0000,0x00000000206c0000)]
  0x000000001f98a800 JavaThread "Service Thread" daemon [_thread_blocked, id=19972, stack(0x0000000020180000,0x0000000020280000)]
  0x000000001f057800 JavaThread "C1 CompilerThread3" daemon [_thread_blocked, id=12588, stack(0x000000001f880000,0x000000001f980000)]
  0x000000001f04d800 JavaThread "C2 CompilerThread2" daemon [_thread_blocked, id=9952, stack(0x000000001f780000,0x000000001f880000)]
  0x000000001f047000 JavaThread "C2 CompilerThread1" daemon [_thread_blocked, id=3452, stack(0x000000001f680000,0x000000001f780000)]
  0x000000001f040000 JavaThread "C2 CompilerThread0" daemon [_thread_blocked, id=2796, stack(0x000000001f580000,0x000000001f680000)]
  0x000000001ef9b000 JavaThread "Monitor Ctrl-Break" daemon [_thread_in_native, id=21888, stack(0x000000001f480000,0x000000001f580000)]
  0x000000001ecb0800 JavaThread "Attach Listener" daemon [_thread_blocked, id=22284, stack(0x000000001f380000,0x000000001f480000)]
  0x000000001ecaf800 JavaThread "Signal Dispatcher" daemon [_thread_blocked, id=24512, stack(0x000000001f280000,0x000000001f380000)]
  0x000000001eca0800 JavaThread "Finalizer" daemon [_thread_blocked, id=23964, stack(0x000000001f080000,0x000000001f180000)]
  0x000000001cdad800 JavaThread "Reference Handler" daemon [_thread_blocked, id=2968, stack(0x000000001eb80000,0x000000001ec80000)]
  0x00000000032a6800 JavaThread "main" [_thread_blocked, id=18848, stack(0x0000000003050000,0x0000000003150000)]

Other Threads:
  0x000000001cda9000 VMThread [stack: 0x000000001ea80000,0x000000001eb80000] [id=18344]
  0x000000001fc33800 WatcherThread [stack: 0x00000000206c0000,0x00000000207c0000] [id=6552]

=>0x00000000032c1800 (exited) GCTaskThread [stack: 0x00000000137a0000,0x00000000138a0000] [id=8216]

VM state:at safepoint (normal execution)

VM Mutex/Monitor currently owned by a thread:  ([mutex/lock_event])
[0x000000000319dcb0] Threads_lock - owner thread: 0x000000001cda9000
[0x000000000319d5b0] Heap_lock - owner thread: 0x00000000032a6800

Heap:
 PSYoungGen      total 108544K, used 10740K [0x000000076b700000, 0x0000000776080000, 0x00000007c0000000)
  eden space 97792K, 0% used [0x000000076b700000,0x000000076b700000,0x0000000771680000)
  from space 10752K, 99% used [0x0000000771680000,0x00000007720fd218,0x0000000772100000)
  to   space 12288K, 0% used [0x0000000775480000,0x0000000775480000,0x0000000776080000)
 ParOldGen       total 102912K, used 8912K [0x00000006c2400000, 0x00000006c8880000, 0x000000076b700000)
  object space 102912K, 8% used [0x00000006c2400000,0x00000006c2cb4228,0x00000006c8880000)
 Metaspace       used 33130K, capacity 35390K, committed 35456K, reserved 1079296K
  class space    used 4569K, capacity 4959K, committed 4992K, reserved 1048576K

Card table byte_map: [0x0000000012760000,0x0000000012f50000] byte_map_base: 0x000000000f14e000

Marking Bits: (ParMarkBitMap*) 0x000000005b5cc720
 Begin Bits: [0x0000000013ca0000, 0x0000000017c10000)
 End Bits:   [0x0000000017c10000, 0x000000001bb80000)

Polling page: 0x0000000001480000

CodeCache: size=245760Kb used=6156Kb max_used=6156Kb free=239603Kb
 bounds [0x00000000033a0000, 0x00000000039b0000, 0x00000000123a0000]
 total_blobs=3438 nmethods=3019 adapters=331
 compilation: enabled

Compilation events (10 events):
Event: 3.034 Thread 0x000000001f057800 3015       1       java.lang.reflect.Constructor::getParameterCount (6 bytes)
Event: 3.034 Thread 0x000000001f057800 nmethod 3015 0x00000000039a1cd0 code [0x00000000039a1e20, 0x00000000039a1f30]
Event: 3.034 Thread 0x000000001f057800 3016       1       org.springframework.beans.factory.support.AbstractAutowireCapableBeanFactory::applyBeanPostProcessorsBeforeInitialization (61 bytes)
Event: 3.034 Thread 0x000000001f057800 nmethod 3016 0x00000000039a1fd0 code [0x00000000039a2160, 0x00000000039a23b8]
Event: 3.036 Thread 0x000000001f057800 3017       1       java.util.regex.Matcher::search (109 bytes)
Event: 3.036 Thread 0x000000001f057800 nmethod 3017 0x00000000039a2750 code [0x00000000039a28c0, 0x00000000039a2aa8]
Event: 3.040 Thread 0x000000001f057800 3018       1       java.util.regex.Pattern$BmpCharProperty::<init> (5 bytes)
Event: 3.041 Thread 0x000000001f057800 nmethod 3018 0x00000000039a2b90 code [0x00000000039a2ce0, 0x00000000039a2e10]
Event: 3.041 Thread 0x000000001f057800 3019       1       java.util.regex.Pattern$BmpCharProperty::<init> (6 bytes)
Event: 3.041 Thread 0x000000001f057800 nmethod 3019 0x00000000039a2e90 code [0x00000000039a2fe0, 0x00000000039a3110]

GC Heap History (10 events):
Event: 1.757 GC heap after
Heap after GC invocations=2 (full 0):
 PSYoungGen      total 75776K, used 8867K [0x000000076b700000, 0x0000000774b00000, 0x00000007c0000000)
  eden space 65024K, 0% used [0x000000076b700000,0x000000076b700000,0x000000076f680000)
  from space 10752K, 82% used [0x0000000770100000,0x00000007709a8fa0,0x0000000770b80000)
  to   space 10752K, 0% used [0x000000076f680000,0x000000076f680000,0x0000000770100000)
 ParOldGen       total 173568K, used 88K [0x00000006c2400000, 0x00000006ccd80000, 0x000000076b700000)
  object space 173568K, 0% used [0x00000006c2400000,0x00000006c2416010,0x00000006ccd80000)
 Metaspace       used 20369K, capacity 21202K, committed 21296K, reserved 1067008K
  class space    used 2683K, capacity 2899K, committed 2944K, reserved 1048576K
}
Event: 1.757 GC heap before
{Heap before GC invocations=3 (full 1):
 PSYoungGen      total 75776K, used 8867K [0x000000076b700000, 0x0000000774b00000, 0x00000007c0000000)
  eden space 65024K, 0% used [0x000000076b700000,0x000000076b700000,0x000000076f680000)
  from space 10752K, 82% used [0x0000000770100000,0x00000007709a8fa0,0x0000000770b80000)
  to   space 10752K, 0% used [0x000000076f680000,0x000000076f680000,0x0000000770100000)
 ParOldGen       total 173568K, used 88K [0x00000006c2400000, 0x00000006ccd80000, 0x000000076b700000)
  object space 173568K, 0% used [0x00000006c2400000,0x00000006c2416010,0x00000006ccd80000)
 Metaspace       used 20369K, capacity 21202K, committed 21296K, reserved 1067008K
  class space    used 2683K, capacity 2899K, committed 2944K, reserved 1048576K
Event: 1.787 GC heap after
Heap after GC invocations=3 (full 1):
 PSYoungGen      total 75776K, used 0K [0x000000076b700000, 0x0000000774b00000, 0x00000007c0000000)
  eden space 65024K, 0% used [0x000000076b700000,0x000000076b700000,0x000000076f680000)
  from space 10752K, 0% used [0x0000000770100000,0x0000000770100000,0x0000000770b80000)
  to   space 10752K, 0% used [0x000000076f680000,0x000000076f680000,0x0000000770100000)
 ParOldGen       total 102912K, used 8565K [0x00000006c2400000, 0x00000006c8880000, 0x000000076b700000)
  object space 102912K, 8% used [0x00000006c2400000,0x00000006c2c5d510,0x00000006c8880000)
 Metaspace       used 20369K, capacity 21202K, committed 21296K, reserved 1067008K
  class space    used 2683K, capacity 2899K, committed 2944K, reserved 1048576K
}
Event: 2.220 GC heap before
{Heap before GC invocations=4 (full 1):
 PSYoungGen      total 75776K, used 65024K [0x000000076b700000, 0x0000000774b00000, 0x00000007c0000000)
  eden space 65024K, 100% used [0x000000076b700000,0x000000076f680000,0x000000076f680000)
  from space 10752K, 0% used [0x0000000770100000,0x0000000770100000,0x0000000770b80000)
  to   space 10752K, 0% used [0x000000076f680000,0x000000076f680000,0x0000000770100000)
 ParOldGen       total 102912K, used 8565K [0x00000006c2400000, 0x00000006c8880000, 0x000000076b700000)
  object space 102912K, 8% used [0x00000006c2400000,0x00000006c2c5d510,0x00000006c8880000)
 Metaspace       used 23892K, capacity 25028K, committed 25344K, reserved 1071104K
  class space    used 3219K, capacity 3464K, committed 3584K, reserved 1048576K
Event: 2.224 GC heap after
Heap after GC invocations=4 (full 1):
 PSYoungGen      total 75776K, used 7416K [0x000000076b700000, 0x0000000772b80000, 0x00000007c0000000)
  eden space 65024K, 0% used [0x000000076b700000,0x000000076b700000,0x000000076f680000)
  from space 10752K, 68% used [0x000000076f680000,0x000000076fdbe200,0x0000000770100000)
  to   space 10752K, 0% used [0x0000000772100000,0x0000000772100000,0x0000000772b80000)
 ParOldGen       total 102912K, used 8573K [0x00000006c2400000, 0x00000006c8880000, 0x000000076b700000)
  object space 102912K, 8% used [0x00000006c2400000,0x00000006c2c5f510,0x00000006c8880000)
 Metaspace       used 23892K, capacity 25028K, committed 25344K, reserved 1071104K
  class space    used 3219K, capacity 3464K, committed 3584K, reserved 1048576K
}
Event: 2.704 GC heap before
{Heap before GC invocations=5 (full 1):
 PSYoungGen      total 75776K, used 72440K [0x000000076b700000, 0x0000000772b80000, 0x00000007c0000000)
  eden space 65024K, 100% used [0x000000076b700000,0x000000076f680000,0x000000076f680000)
  from space 10752K, 68% used [0x000000076f680000,0x000000076fdbe200,0x0000000770100000)
  to   space 10752K, 0% used [0x0000000772100000,0x0000000772100000,0x0000000772b80000)
 ParOldGen       total 102912K, used 8573K [0x00000006c2400000, 0x00000006c8880000, 0x000000076b700000)
  object space 102912K, 8% used [0x00000006c2400000,0x00000006c2c5f510,0x00000006c8880000)
 Metaspace       used 29156K, capacity 31022K, committed 31232K, reserved 1077248K
  class space    used 3949K, capacity 4301K, committed 4352K, reserved 1048576K
Event: 2.711 GC heap after
Heap after GC invocations=5 (full 1):
 PSYoungGen      total 108032K, used 10506K [0x000000076b700000, 0x0000000772b80000, 0x00000007c0000000)
  eden space 97280K, 0% used [0x000000076b700000,0x000000076b700000,0x0000000771600000)
  from space 10752K, 97% used [0x0000000772100000,0x0000000772b42a00,0x0000000772b80000)
  to   space 10752K, 0% used [0x0000000771680000,0x0000000771680000,0x0000000772100000)
 ParOldGen       total 102912K, used 8581K [0x00000006c2400000, 0x00000006c8880000, 0x000000076b700000)
  object space 102912K, 8% used [0x00000006c2400000,0x00000006c2c61510,0x00000006c8880000)
 Metaspace       used 29156K, capacity 31022K, committed 31232K, reserved 1077248K
  class space    used 3949K, capacity 4301K, committed 4352K, reserved 1048576K
}
Event: 3.044 GC heap before
{Heap before GC invocations=6 (full 1):
 PSYoungGen      total 108032K, used 54606K [0x000000076b700000, 0x0000000772b80000, 0x00000007c0000000)
  eden space 97280K, 45% used [0x000000076b700000,0x000000076e210f90,0x0000000771600000)
  from space 10752K, 97% used [0x0000000772100000,0x0000000772b42a00,0x0000000772b80000)
  to   space 10752K, 0% used [0x0000000771680000,0x0000000771680000,0x0000000772100000)
 ParOldGen       total 102912K, used 8581K [0x00000006c2400000, 0x00000006c8880000, 0x000000076b700000)
  object space 102912K, 8% used [0x00000006c2400000,0x00000006c2c61510,0x00000006c8880000)
 Metaspace       used 33130K, capacity 35390K, committed 35456K, reserved 1079296K
  class space    used 4569K, capacity 4959K, committed 4992K, reserved 1048576K
Event: 3.053 GC heap after
Heap after GC invocations=6 (full 1):
 PSYoungGen      total 108544K, used 10740K [0x000000076b700000, 0x0000000776080000, 0x00000007c0000000)
  eden space 97792K, 0% used [0x000000076b700000,0x000000076b700000,0x0000000771680000)
  from space 10752K, 99% used [0x0000000771680000,0x00000007720fd218,0x0000000772100000)
  to   space 12288K, 0% used [0x0000000775480000,0x0000000775480000,0x0000000776080000)
 ParOldGen       total 102912K, used 8912K [0x00000006c2400000, 0x00000006c8880000, 0x000000076b700000)
  object space 102912K, 8% used [0x00000006c2400000,0x00000006c2cb4228,0x00000006c8880000)
 Metaspace       used 33130K, capacity 35390K, committed 35456K, reserved 1079296K
  class space    used 4569K, capacity 4959K, committed 4992K, reserved 1048576K
}
Event: 3.053 GC heap before
{Heap before GC invocations=7 (full 2):
 PSYoungGen      total 108544K, used 10740K [0x000000076b700000, 0x0000000776080000, 0x00000007c0000000)
  eden space 97792K, 0% used [0x000000076b700000,0x000000076b700000,0x0000000771680000)
  from space 10752K, 99% used [0x0000000771680000,0x00000007720fd218,0x0000000772100000)
  to   space 12288K, 0% used [0x0000000775480000,0x0000000775480000,0x0000000776080000)
 ParOldGen       total 102912K, used 8912K [0x00000006c2400000, 0x00000006c8880000, 0x000000076b700000)
  object space 102912K, 8% used [0x00000006c2400000,0x00000006c2cb4228,0x00000006c8880000)
 Metaspace       used 33130K, capacity 35390K, committed 35456K, reserved 1079296K
  class space    used 4569K, capacity 4959K, committed 4992K, reserved 1048576K

Deoptimization events (0 events):
No events

Internal exceptions (10 events):
Event: 2.938 Thread 0x00000000032a6800 Exception <a 'java/lang/ClassNotFoundException': org/springframework/context/annotation/ImportAwareCustomizer> (0x000000076d40e4f8) thrown at [C:\re\workspace\8-2-build-windows-amd64-cygwin\jdk8u131\8869\hotspot\src\share\vm\classfile\systemDictionary.cpp
Event: 2.938 Thread 0x00000000032a6800 Exception <a 'java/lang/ClassNotFoundException': org/springframework/beans/factory/AwareCustomizer> (0x000000076d421710) thrown at [C:\re\workspace\8-2-build-windows-amd64-cygwin\jdk8u131\8869\hotspot\src\share\vm\classfile\systemDictionary.cpp, line 210]
Event: 2.938 Thread 0x00000000032a6800 Exception <a 'java/lang/ClassNotFoundException': org/springframework/beans/factory/BeanClassLoaderAwareCustomizer> (0x000000076d437378) thrown at [C:\re\workspace\8-2-build-windows-amd64-cygwin\jdk8u131\8869\hotspot\src\share\vm\classfile\systemDictionary
Event: 2.938 Thread 0x00000000032a6800 Exception <a 'java/lang/ClassNotFoundException': org/springframework/beans/factory/AwareCustomizer> (0x000000076d44a570) thrown at [C:\re\workspace\8-2-build-windows-amd64-cygwin\jdk8u131\8869\hotspot\src\share\vm\classfile\systemDictionary.cpp, line 210]
Event: 2.939 Thread 0x00000000032a6800 Exception <a 'java/lang/ArrayIndexOutOfBoundsException'> (0x000000076d4508f8) thrown at [C:\re\workspace\8-2-build-windows-amd64-cygwin\jdk8u131\8869\hotspot\src\share\vm\runtime\sharedRuntime.cpp, line 605]
Event: 2.939 Thread 0x00000000032a6800 Exception <a 'java/lang/ArrayIndexOutOfBoundsException'> (0x000000076d456840) thrown at [C:\re\workspace\8-2-build-windows-amd64-cygwin\jdk8u131\8869\hotspot\src\share\vm\runtime\sharedRuntime.cpp, line 605]
Event: 2.952 Thread 0x00000000032a6800 Exception <a 'java/lang/ArrayIndexOutOfBoundsException'> (0x000000076d5b4518) thrown at [C:\re\workspace\8-2-build-windows-amd64-cygwin\jdk8u131\8869\hotspot\src\share\vm\runtime\sharedRuntime.cpp, line 605]
Event: 2.958 Thread 0x00000000032a6800 Exception <a 'java/lang/ArrayIndexOutOfBoundsException'> (0x000000076d6a1a50) thrown at [C:\re\workspace\8-2-build-windows-amd64-cygwin\jdk8u131\8869\hotspot\src\share\vm\runtime\sharedRuntime.cpp, line 605]
Event: 2.992 Thread 0x00000000032a6800 Exception <a 'java/lang/ClassNotFoundException': com/sun/org/glassfish/hk2/osgiresourcelocator/ServiceLoader> (0x000000076dcc8108) thrown at [C:\re\workspace\8-2-build-windows-amd64-cygwin\jdk8u131\8869\hotspot\src\share\vm\classfile\systemDictionary.cpp,
Event: 2.995 Thread 0x00000000032a6800 Exception <a 'java/lang/NullPointerException'> (0x000000076dcfd928) thrown at [C:\re\workspace\8-2-build-windows-amd64-cygwin\jdk8u131\8869\hotspot\src\share\vm\interpreter\linkResolver.cpp, line 1299]

Events (10 events):
Event: 3.044 loading class java/nio/StringCharBuffer done
Event: 3.044 loading class org/springframework/security/crypto/scrypt/SCryptPasswordEncoder
Event: 3.044 loading class org/springframework/security/crypto/scrypt/SCryptPasswordEncoder done
Event: 3.044 loading class sun/security/provider/SHA2$SHA256
Event: 3.044 loading class sun/security/provider/SHA2
Event: 3.044 loading class sun/security/provider/SHA2 done
Event: 3.044 loading class sun/security/provider/SHA2$SHA256 done
Event: 3.044 loading class org/springframework/security/crypto/password/StandardPasswordEncoder
Event: 3.044 loading class org/springframework/security/crypto/password/StandardPasswordEncoder done
Event: 3.044 Executing VM operation: CollectForMetadataAllocation


Dynamic libraries:
0x00007ff7a4550000 - 0x00007ff7a4587000 	C:\Program Files\Java\jdk1.8.0_131\bin\java.exe
0x00007ffc34d70000 - 0x00007ffc34f66000 	C:\WINDOWS\SYSTEM32\ntdll.dll
0x00007ffc33b50000 - 0x00007ffc33c0d000 	C:\WINDOWS\System32\KERNEL32.dll
0x00007ffc32120000 - 0x00007ffc32252000 	C:\Windows\system32\hmpalert.dll
0x00007ffc32820000 - 0x00007ffc32ae9000 	C:\WINDOWS\System32\KERNELBASE.dll
0x00007ffc338c0000 - 0x00007ffc3396c000 	C:\WINDOWS\System32\ADVAPI32.dll
0x00007ffc33dc0000 - 0x00007ffc33e5e000 	C:\WINDOWS\System32\msvcrt.dll
0x00007ffc33a40000 - 0x00007ffc33adc000 	C:\WINDOWS\System32\sechost.dll
0x00007ffc34c00000 - 0x00007ffc34d2b000 	C:\WINDOWS\System32\RPCRT4.dll
0x00007ffc34930000 - 0x00007ffc34ad0000 	C:\WINDOWS\System32\USER32.dll
0x00007ffc327f0000 - 0x00007ffc32812000 	C:\WINDOWS\System32\win32u.dll
0x00007ffc34390000 - 0x00007ffc343ba000 	C:\WINDOWS\System32\GDI32.dll
0x00007ffc32530000 - 0x00007ffc32639000 	C:\WINDOWS\System32\gdi32full.dll
0x00007ffc32af0000 - 0x00007ffc32b8d000 	C:\WINDOWS\System32\msvcp_win.dll
0x00007ffc32640000 - 0x00007ffc32740000 	C:\WINDOWS\System32\ucrtbase.dll
0x00007ffc17020000 - 0x00007ffc172bb000 	C:\WINDOWS\WinSxS\amd64_microsoft.windows.common-controls_6595b64144ccf1df_6.0.19041.488_none_ca04af081b815d21\COMCTL32.dll
0x00007ffc335a0000 - 0x00007ffc335d0000 	C:\WINDOWS\System32\IMM32.DLL
0x000000005b650000 - 0x000000005b722000 	C:\Program Files\Java\jdk1.8.0_131\jre\bin\msvcr100.dll
0x000000005adb0000 - 0x000000005b64c000 	C:\Program Files\Java\jdk1.8.0_131\jre\bin\server\jvm.dll
0x00007ffc342d0000 - 0x00007ffc342d8000 	C:\WINDOWS\System32\PSAPI.DLL
0x00007ffc0e990000 - 0x00007ffc0e9b7000 	C:\WINDOWS\SYSTEM32\WINMM.dll
0x00007ffc157e0000 - 0x00007ffc157e9000 	C:\WINDOWS\SYSTEM32\WSOCK32.dll
0x00007ffc2d2b0000 - 0x00007ffc2d2ba000 	C:\WINDOWS\SYSTEM32\VERSION.dll
0x00007ffc34780000 - 0x00007ffc347eb000 	C:\WINDOWS\System32\WS2_32.dll
0x000000005b9a0000 - 0x000000005b9af000 	C:\Program Files\Java\jdk1.8.0_131\jre\bin\verify.dll
0x000000005ad80000 - 0x000000005ada9000 	C:\Program Files\Java\jdk1.8.0_131\jre\bin\java.dll
0x000000005ad50000 - 0x000000005ad73000 	C:\Program Files\Java\jdk1.8.0_131\jre\bin\instrument.dll
0x000000005b980000 - 0x000000005b996000 	C:\Program Files\Java\jdk1.8.0_131\jre\bin\zip.dll
0x00007ffc32dd0000 - 0x00007ffc33512000 	C:\WINDOWS\System32\SHELL32.dll
0x00007ffc30480000 - 0x00007ffc30c15000 	C:\WINDOWS\SYSTEM32\windows.storage.dll
0x00007ffc343c0000 - 0x00007ffc34716000 	C:\WINDOWS\System32\combase.dll
0x00007ffc31ca0000 - 0x00007ffc31ccc000 	C:\WINDOWS\SYSTEM32\Wldp.dll
0x00007ffc342e0000 - 0x00007ffc3438e000 	C:\WINDOWS\System32\SHCORE.dll
0x00007ffc335d0000 - 0x00007ffc33625000 	C:\WINDOWS\System32\shlwapi.dll
0x00007ffc323e0000 - 0x00007ffc32406000 	C:\WINDOWS\SYSTEM32\profapi.dll
0x00007ffc08f50000 - 0x00007ffc08f6a000 	C:\Program Files\JetBrains\IntelliJ IDEA 2018.3.6\bin\breakgen64.dll
0x000000005a3c0000 - 0x000000005a3da000 	C:\Program Files\Java\jdk1.8.0_131\jre\bin\net.dll
0x00007ffc31a30000 - 0x00007ffc31a9a000 	C:\WINDOWS\system32\mswsock.dll
0x00007ffc31790000 - 0x00007ffc3185b000 	C:\WINDOWS\SYSTEM32\DNSAPI.dll
0x00007ffc31740000 - 0x00007ffc3177b000 	C:\WINDOWS\SYSTEM32\IPHLPAPI.DLL
0x00007ffc33ae0000 - 0x00007ffc33ae8000 	C:\WINDOWS\System32\NSI.dll
0x00007ffc28b00000 - 0x00007ffc28b0a000 	C:\Windows\System32\rasadhlp.dll
0x00007ffc2cff0000 - 0x00007ffc2d06f000 	C:\WINDOWS\System32\fwpuclnt.dll
0x00007ffc32d40000 - 0x00007ffc32d67000 	C:\WINDOWS\System32\bcrypt.dll
0x000000005ad40000 - 0x000000005ad4d000 	C:\Program Files\Java\jdk1.8.0_131\jre\bin\management.dll
0x000000005a3a0000 - 0x000000005a3b1000 	C:\Program Files\Java\jdk1.8.0_131\jre\bin\nio.dll
0x00007ffc31d50000 - 0x00007ffc31d68000 	C:\WINDOWS\SYSTEM32\CRYPTSP.dll
0x00007ffc313e0000 - 0x00007ffc31414000 	C:\WINDOWS\system32\rsaenh.dll
0x00007ffc323a0000 - 0x00007ffc323ce000 	C:\WINDOWS\SYSTEM32\USERENV.dll
0x00007ffc324b0000 - 0x00007ffc32530000 	C:\WINDOWS\System32\bcryptprimitives.dll
0x00007ffc31bb0000 - 0x00007ffc31bbc000 	C:\WINDOWS\SYSTEM32\CRYPTBASE.dll
0x00007ffc2d090000 - 0x00007ffc2d0a7000 	C:\WINDOWS\SYSTEM32\dhcpcsvc6.DLL
0x00007ffc2cc30000 - 0x00007ffc2cc4d000 	C:\WINDOWS\SYSTEM32\dhcpcsvc.DLL
0x00007ffc17b70000 - 0x00007ffc17b87000 	C:\WINDOWS\system32\napinsp.dll
0x00007ffc179c0000 - 0x00007ffc179db000 	C:\WINDOWS\system32\pnrpnsp.dll
0x00007ffc15d60000 - 0x00007ffc15d75000 	C:\WINDOWS\system32\wshbth.dll
0x00007ffc2d840000 - 0x00007ffc2d85d000 	C:\WINDOWS\system32\NLAapi.dll
0x00007ffc15d40000 - 0x00007ffc15d52000 	C:\WINDOWS\System32\winrnr.dll
0x00007ffc30190000 - 0x00007ffc30374000 	C:\WINDOWS\SYSTEM32\dbghelp.dll

VM Arguments:
jvm_args: -XX:TieredStopAtLevel=1 -Xverify:none -Dspring.output.ansi.enabled=always -Dcom.sun.management.jmxremote -Dspring.jmx.enabled=true -Dspring.liveBeansView.mbeanDomain -Dspring.application.admin.enabled=true -javaagent:C:\Program Files\JetBrains\IntelliJ IDEA 2018.3.6\lib\idea_rt.jar=59487:C:\Program Files\JetBrains\IntelliJ IDEA 2018.3.6\bin -Dfile.encoding=UTF-8 
java_command: PublisherApplication
java_class_path (initial): C:\Program Files\Java\jdk1.8.0_131\jre\lib\charsets.jar;C:\Program Files\Java\jdk1.8.0_131\jre\lib\deploy.jar;C:\Program Files\Java\jdk1.8.0_131\jre\lib\ext\access-bridge-64.jar;C:\Program Files\Java\jdk1.8.0_131\jre\lib\ext\cldrdata.jar;C:\Program Files\Java\jdk1.8.0_131\jre\lib\ext\dnsns.jar;C:\Program Files\Java\jdk1.8.0_131\jre\lib\ext\jaccess.jar;C:\Program Files\Java\jdk1.8.0_131\jre\lib\ext\jfxrt.jar;C:\Program Files\Java\jdk1.8.0_131\jre\lib\ext\localedata.jar;C:\Program Files\Java\jdk1.8.0_131\jre\lib\ext\nashorn.jar;C:\Program Files\Java\jdk1.8.0_131\jre\lib\ext\sunec.jar;C:\Program Files\Java\jdk1.8.0_131\jre\lib\ext\sunjce_provider.jar;C:\Program Files\Java\jdk1.8.0_131\jre\lib\ext\sunmscapi.jar;C:\Program Files\Java\jdk1.8.0_131\jre\lib\ext\sunpkcs11.jar;C:\Program Files\Java\jdk1.8.0_131\jre\lib\ext\zipfs.jar;C:\Program Files\Java\jdk1.8.0_131\jre\lib\javaws.jar;C:\Program Files\Java\jdk1.8.0_131\jre\lib\jce.jar;C:\Program Files\Java\jdk1.8.0_131\jre\lib\jfr.jar;C:\Program Files\Java\jdk1.8.0_131\jre\lib\jfxswt.jar;C:\Program Files\Java\jdk1.8.0_131\jre\lib\jsse.jar;C:\Program Files\Java\jdk1.8.0_131\jre\lib\management-agent.jar;C:\Program Files\Java\jdk1.8.0_131\jre\lib\plugin.jar;C:\Program Files\Java\jdk1.8.0_131\jre\lib\resources.jar;C:\Program Files\Java\jdk1.8.0_131\jre\lib\rt.jar;D:\Learnings\Assignment kafka\Publisher\Publisher\target\classes;C:\Users\abargavakumar\.m2\repository\org\springframework\boot\spring-boot-starter-web\2.4.1\spring-boot-starter-web-2.4.1.jar;C:\Users\abargavakumar\.m2\repository\org\springframework\boot\spring-boot-starter\2.4.1\spring-boot-starter-2.4.1.jar;C:\Users\abargavakumar\.m2\repository\org\springframework\boot\spring-boot\2.4.1\spring-boot-2.4.1.jar;C:\Users\abargavakumar\.m2\repository\org\springframework\boot\spring-boot-autoconfigure\2.4.1\spring-boot-autoconfigure-2.4.1.jar;C:\Users\abargavakumar\.m2\repository\org\springframework\boot\spring-boot-starter-logging\2.4.1\spring-
Launcher Type: SUN_STANDARD

Environment Variables:
JAVA_HOME=C:\Program Files\Java\jdk1.8.0_131
PATH=C:\ProgramData\Oracle\Java\javapath;C:\Program Files (x86)\Intel\Intel(R) Management Engine Components\iCLS\;C:\Program Files\Intel\Intel(R) Management Engine Components\iCLS\;C:\WINDOWS\system32;C:\WINDOWS;C:\WINDOWS\System32\Wbem;C:\WINDOWS\System32\WindowsPowerShell\v1.0\;C:\WINDOWS\System32\OpenSSH\;C:\Program Files (x86)\Intel\Intel(R) Management Engine Components\DAL;C:\Program Files\Intel\Intel(R) Management Engine Components\DAL;C:\Program Files (x86)\Intel\Intel(R) Management Engine Components\IPT;C:\Program Files\Intel\Intel(R) Management Engine Components\IPT;C:\Program Files (x86)\Symantec\VIP Access Client\;C:\Program Files\Java\jdk1.8.0_131\bin;D:\Softwares\gradle-4.10.2\bin;D:\Softwares\grails-2.4.5\bin;D:\Softwares\apache-maven-3.6.3\bin;D:\Softwares\groovy-2.4.10\bin;C:\Program Files\Git\cmd;C:\Program Files (x86)\Sennheiser\SoftphoneSDK\;D:\Softwares\Jenkins_local\home;C:\Program Files\Microsoft VS Code\bin;C:\Program Files\Cloud Foundry;C:\Program Files\Docker\Docker\resources\bin;C:\ProgramData\DockerDesktop\version-bin;C:\Users\abargavakumar\AppData\Roaming\nvm;C:\Program Files\nodejs;D:\Softwares\curl-7.71.1-win64-mingw\bin;C:\Program Files\nodejs\;C:\Python27\;C:\Users\abargavakumar\AppData\Local\Microsoft\WindowsApps;C:\Users\Administrator\AppData\Roaming\npm;C:\Users\abargavakumar\AppData\Roaming\nvm;C:\Program Files\nodejs;C:\Users\abargavakumar\AppData\Roaming\npm;D:\Softwares\kafka_2.12-2.7.0\bin\windows;
USERNAME=abargavakumar
OS=Windows_NT
PROCESSOR_IDENTIFIER=Intel64 Family 6 Model 142 Stepping 10, GenuineIntel



---------------  S Y S T E M  ---------------

OS: Windows 10.0 , 64 bit Build 19041 (10.0.19041.662)

CPU:total 8 (initial active 8) (4 cores per cpu, 2 threads per core) family 6 model 142 stepping 10, cmov, cx8, fxsr, mmx, sse, sse2, sse3, ssse3, sse4.1, sse4.2, popcnt, avx, avx2, aes, clmul, erms, 3dnowpref, lzcnt, ht, tsc, tscinvbit, bmi1, bmi2, adx

Memory: 4k page, physical 16627908k(6882192k free), swap 20187768k(5671840k free)

vm_info: Java HotSpot(TM) 64-Bit Server VM (25.131-b11) for windows-amd64 JRE (1.8.0_131-b11), built on Mar 15 2017 01:23:53 by "java_re" with MS VC++ 10.0 (VS2010)

time: Wed Jan 13 22:31:31 2021
elapsed time: 3 seconds (0d 0h 0m 3s)

